<?xml version="1.0" encoding="UTF-8"?>
<!-- Generated by org.testng.reporters.JUnitReportReporter -->
<testsuite hostname="USBLRDDEVATE1" name="Testscript.driver_script" tests="1" failures="0" timestamp="9 Mar 2017 06:58:42 GMT" time="104.289" errors="0">
  <testcase name="driverScript" time="104.289" classname="Testscript.driver_script"/>
</testsuite> <!-- Testscript.driver_script -->
